<?xml version="1.0" encoding="UTF-8"?>
<!-- Generated by org.testng.reporters.JUnitXMLReporter -->
<testsuite hostname="Prathap-PC" name="Test one" tests="4" failures="0" timestamp="19 Sep 2018 19:38:39 GMT" time="0.051" errors="0">
  <testcase name="testOneInClassOne" time="0.008" classname="testng.TestClassOne"/>
  <testcase name="testTwoInClassOne" time="0.003" classname="testng.TestClassOne"/>
  <testcase name="testMethodOneInClassTwo" time="0.008" classname="testng.TestClassTwo"/>
  <testcase name="testMethodOneInclassThree" time="0.002" classname="testng.TestClassThree"/>
</testsuite> <!-- Test one -->
