<?xml version="1.0" encoding="UTF-8"?>
<!-- Generated by org.testng.reporters.JUnitXMLReporter -->
<testsuite hostname="Prathap-PC" name="Google Title test" tests="1" failures="1" timestamp="30 Sep 2018 12:46:44 GMT" time="10.746" errors="0">
  <testcase name="search" time="2.313" classname="testngtwo.GoogleTitleTest">
    <failure type="junit.framework.AssertionFailedError" message="Google title test failed">
      <![CDATA[junit.framework.AssertionFailedError: Google title test failed
	at junit.framework.Assert.fail(Assert.java:50)
	at junit.framework.Assert.assertTrue(Assert.java:20)
	at testngtwo.GoogleTitleTest.search(GoogleTitleTest.java:51)
... Removed 24 stack frames]]>
    </failure>
  </testcase> <!-- search -->
</testsuite> <!-- Google Title test -->
