<?xml version="1.0" encoding="UTF-8"?>
<!-- Generated by org.testng.reporters.JUnitXMLReporter -->
<testsuite hostname="Prathap-PC" name="Yahoo Title Test" tests="1" failures="1" timestamp="30 Sep 2018 12:45:52 GMT" time="73.195" errors="0">
  <testcase name="search" time="2.547" classname="testngtwo.YahooTitleTest">
    <failure type="junit.framework.AssertionFailedError" message="Yahoo title test failed">
      <![CDATA[junit.framework.AssertionFailedError: Yahoo title test failed
	at junit.framework.Assert.fail(Assert.java:50)
	at junit.framework.Assert.assertTrue(Assert.java:20)
	at testngtwo.YahooTitleTest.search(YahooTitleTest.java:51)
	at java.util.concurrent.FutureTask.run(Unknown Source)
	at java.util.concurrent.ThreadPoolExecutor.runWorker(Unknown Source)
	at java.util.concurrent.ThreadPoolExecutor$Worker.run(Unknown Source)
	at java.lang.Thread.run(Unknown Source)
... Removed 16 stack frames]]>
    </failure>
  </testcase> <!-- search -->
</testsuite> <!-- Yahoo Title Test -->
