<?xml version="1.0" encoding="UTF-8"?>
<!-- Generated by org.testng.reporters.JUnitXMLReporter -->
<testsuite hostname="Prathap-PC" name="Default test" tests="3" failures="0" timestamp="30 Sep 2018 12:20:11 GMT" time="35.875" errors="0">
  <testcase name="search" time="2.792" classname="testngone.DataProviderInSameCls"/>
  <testcase name="search" time="2.407" classname="testngone.DataProviderInSameCls"/>
  <testcase name="search" time="2.403" classname="testngone.DataProviderInSameCls"/>
</testsuite> <!-- Default test -->
