<?xml version="1.0" encoding="UTF-8"?>
<testng-results skipped="0" failed="0" total="1" passed="1">
  <reporter-output>
  </reporter-output>
  <suite name="Default suite" duration-ms="26116" started-at="2018-10-13T08:49:50Z" finished-at="2018-10-13T08:50:16Z">
    <groups>
    </groups>
    <test name="Default test" duration-ms="26116" started-at="2018-10-13T08:49:50Z" finished-at="2018-10-13T08:50:16Z">
      <class name="seleniumgrid.GridOne">
        <test-method status="PASS" signature="setUp()[pri:0, instance:seleniumgrid.GridOne@1bce4f0a]" name="setUp" is-config="true" duration-ms="21441" started-at="2018-10-13T14:19:50Z" finished-at="2018-10-13T14:20:11Z">
          <reporter-output>
          </reporter-output>
        </test-method> <!-- setUp -->
        <test-method status="PASS" signature="testGooglePageTitleInIEBrowser()[pri:0, instance:seleniumgrid.GridOne@1bce4f0a]" name="testGooglePageTitleInIEBrowser" duration-ms="2717" started-at="2018-10-13T14:20:11Z" finished-at="2018-10-13T14:20:14Z">
          <reporter-output>
          </reporter-output>
        </test-method> <!-- testGooglePageTitleInIEBrowser -->
        <test-method status="PASS" signature="closeBrowser()[pri:0, instance:seleniumgrid.GridOne@1bce4f0a]" name="closeBrowser" is-config="true" duration-ms="1940" started-at="2018-10-13T14:20:14Z" finished-at="2018-10-13T14:20:16Z">
          <reporter-output>
          </reporter-output>
        </test-method> <!-- closeBrowser -->
      </class> <!-- seleniumgrid.GridOne -->
    </test> <!-- Default test -->
  </suite> <!-- Default suite -->
</testng-results>
