<?xml version="1.0" encoding="UTF-8"?>
<testng-results skipped="0" failed="0" total="3" passed="3">
  <reporter-output>
    <line>
      <![CDATA[<img src="E:\selenium\class_programs\screenshots\30-Sep-18-18-23-59.png" alt="" />]]>
    </line>
    <line>
      <![CDATA[<img src="E:\selenium\class_programs\screenshots\30-Sep-18-18-24-08.png" alt="" />]]>
    </line>
    <line>
      <![CDATA[<img src="E:\selenium\class_programs\screenshots\30-Sep-18-18-24-17.png" alt="" />]]>
    </line>
  </reporter-output>
  <suite name="Google Title test" duration-ms="30879" started-at="2018-09-30T12:53:49Z" finished-at="2018-09-30T12:54:20Z">
    <groups>
    </groups>
    <test name="Test one" duration-ms="12408" started-at="2018-09-30T12:53:49Z" finished-at="2018-09-30T12:54:01Z">
      <class name="testngone.GoogleTitleTestByXmlSuite">
        <test-method status="PASS" signature="setup()[pri:0, instance:testngone.GoogleTitleTestByXmlSuite@604ed9f0]" name="setup" is-config="true" duration-ms="7625" started-at="2018-09-30T18:23:49Z" finished-at="2018-09-30T18:23:57Z">
          <reporter-output>
          </reporter-output>
        </test-method> <!-- setup -->
        <test-method status="PASS" signature="search(java.lang.String)[pri:0, instance:testngone.GoogleTitleTestByXmlSuite@604ed9f0]" name="search" duration-ms="2437" started-at="2018-09-30T18:23:57Z" finished-at="2018-09-30T18:23:59Z">
          <params>
            <param index="0">
              <value>
                <![CDATA[kalam]]>
              </value>
            </param>
          </params>
          <reporter-output>
            <line>
              <![CDATA[<img src="E:\selenium\class_programs\screenshots\30-Sep-18-18-23-59.png" alt="" />]]>
            </line>
          </reporter-output>
        </test-method> <!-- search -->
        <test-method status="PASS" signature="close()[pri:0, instance:testngone.GoogleTitleTestByXmlSuite@604ed9f0]" name="close" is-config="true" duration-ms="2324" started-at="2018-09-30T18:23:59Z" finished-at="2018-09-30T18:24:01Z">
          <reporter-output>
          </reporter-output>
        </test-method> <!-- close -->
      </class> <!-- testngone.GoogleTitleTestByXmlSuite -->
    </test> <!-- Test one -->
    <test name="Test two" duration-ms="9289" started-at="2018-09-30T12:54:01Z" finished-at="2018-09-30T12:54:11Z">
      <class name="testngone.GoogleTitleTestByXmlSuite">
        <test-method status="PASS" signature="setup()[pri:0, instance:testngone.GoogleTitleTestByXmlSuite@13deb50e]" name="setup" is-config="true" duration-ms="4944" started-at="2018-09-30T18:24:01Z" finished-at="2018-09-30T18:24:06Z">
          <reporter-output>
          </reporter-output>
        </test-method> <!-- setup -->
        <test-method status="PASS" signature="search(java.lang.String)[pri:0, instance:testngone.GoogleTitleTestByXmlSuite@13deb50e]" name="search" duration-ms="2023" started-at="2018-09-30T18:24:06Z" finished-at="2018-09-30T18:24:08Z">
          <params>
            <param index="0">
              <value>
                <![CDATA[selenium]]>
              </value>
            </param>
          </params>
          <reporter-output>
            <line>
              <![CDATA[<img src="E:\selenium\class_programs\screenshots\30-Sep-18-18-24-08.png" alt="" />]]>
            </line>
          </reporter-output>
        </test-method> <!-- search -->
        <test-method status="PASS" signature="close()[pri:0, instance:testngone.GoogleTitleTestByXmlSuite@13deb50e]" name="close" is-config="true" duration-ms="2314" started-at="2018-09-30T18:24:08Z" finished-at="2018-09-30T18:24:11Z">
          <reporter-output>
          </reporter-output>
        </test-method> <!-- close -->
      </class> <!-- testngone.GoogleTitleTestByXmlSuite -->
    </test> <!-- Test two -->
    <test name="Test three" duration-ms="9120" started-at="2018-09-30T12:54:11Z" finished-at="2018-09-30T12:54:20Z">
      <class name="testngone.GoogleTitleTestByXmlSuite">
        <test-method status="PASS" signature="setup()[pri:0, instance:testngone.GoogleTitleTestByXmlSuite@14bf9759]" name="setup" is-config="true" duration-ms="4988" started-at="2018-09-30T18:24:11Z" finished-at="2018-09-30T18:24:16Z">
          <reporter-output>
          </reporter-output>
        </test-method> <!-- setup -->
        <test-method status="PASS" signature="search(java.lang.String)[pri:0, instance:testngone.GoogleTitleTestByXmlSuite@14bf9759]" name="search" duration-ms="1800" started-at="2018-09-30T18:24:16Z" finished-at="2018-09-30T18:24:18Z">
          <params>
            <param index="0">
              <value>
                <![CDATA[appium]]>
              </value>
            </param>
          </params>
          <reporter-output>
            <line>
              <![CDATA[<img src="E:\selenium\class_programs\screenshots\30-Sep-18-18-24-17.png" alt="" />]]>
            </line>
          </reporter-output>
        </test-method> <!-- search -->
        <test-method status="PASS" signature="close()[pri:0, instance:testngone.GoogleTitleTestByXmlSuite@14bf9759]" name="close" is-config="true" duration-ms="2328" started-at="2018-09-30T18:24:18Z" finished-at="2018-09-30T18:24:20Z">
          <reporter-output>
          </reporter-output>
        </test-method> <!-- close -->
      </class> <!-- testngone.GoogleTitleTestByXmlSuite -->
    </test> <!-- Test three -->
  </suite> <!-- Google Title test -->
</testng-results>
