<?xml version="1.0" encoding="UTF-8"?>
<!-- Generated by org.testng.reporters.JUnitXMLReporter -->
<testsuite hostname="Prathap-PC" name="Test one" tests="1" failures="1" timestamp="22 Sep 2018 15:34:09 GMT" time="11.173" errors="0">
  <testcase name="search" time="2.45" classname="testngone.GoogleTitleTestByXmlSuite">
    <failure type="junit.framework.AssertionFailedError" message="Google title test failed">
      <![CDATA[junit.framework.AssertionFailedError: Google title test failed
	at junit.framework.Assert.fail(Assert.java:50)
	at junit.framework.Assert.assertTrue(Assert.java:20)
	at testngone.GoogleTitleTestByXmlSuite.search(GoogleTitleTestByXmlSuite.java:51)
... Removed 24 stack frames]]>
    </failure>
  </testcase> <!-- search -->
</testsuite> <!-- Test one -->
